# JRE version: OpenJDK Runtime Environment (11.0.13) (build 11.0.13+0-b1751.21-8125866)
# Java VM: OpenJDK 64-Bit Server VM (11.0.13+0-b1751.21-8125866, mixed mode, tiered, compressed oops, g1 gc, windows-amd64)
Heap:
 garbage-first heap   total 946176K, used 285428K [0x0000000080000000, 0x0000000100000000)
  region size 1024K, 5 young (5120K), 5 survivors (5120K)
 Metaspace       used 129940K, capacity 133559K, committed 133632K, reserved 1165312K
  class space    used 16059K, capacity 17368K, committed 17408K, reserved 1048576K
GC Heap History (20 events):
Event: 2274.911 GC heap after
{Heap after GC invocations=73 (full 0):
 garbage-first heap   total 284672K, used 160730K [0x0000000080000000, 0x0000000100000000)
  region size 1024K, 5 young (5120K), 5 survivors (5120K)
 Metaspace       used 118731K, capacity 121804K, committed 122112K, reserved 1155072K
  class space    used 14435K, capacity 15517K, committed 15616K, reserved 1048576K
}
Event: 2275.238 GC heap before
{Heap before GC invocations=74 (full 0):
 garbage-first heap   total 284672K, used 191450K [0x0000000080000000, 0x0000000100000000)
  region size 1024K, 37 young (37888K), 5 survivors (5120K)
 Metaspace       used 119243K, capacity 122274K, committed 122368K, reserved 1157120K
  class space    used 14491K, capacity 15564K, committed 15616K, reserved 1048576K
}
Event: 2275.251 GC heap after
{Heap after GC invocations=75 (full 0):
 garbage-first heap   total 284672K, used 162696K [0x0000000080000000, 0x0000000100000000)
  region size 1024K, 3 young (3072K), 3 survivors (3072K)
 Metaspace       used 119243K, capacity 122274K, committed 122368K, reserved 1157120K
  class space    used 14491K, capacity 15564K, committed 15616K, reserved 1048576K
}
Event: 2275.713 GC heap before
{Heap before GC invocations=76 (full 0):
 garbage-first heap   total 284672K, used 229256K [0x0000000080000000, 0x0000000100000000)
  region size 1024K, 58 young (59392K), 3 survivors (3072K)
 Metaspace       used 122403K, capacity 125519K, committed 125696K, reserved 1159168K
  class space    used 14911K, capacity 16029K, committed 16128K, reserved 1048576K
}
Event: 2275.730 GC heap after
{Heap after GC invocations=77 (full 0):
 garbage-first heap   total 342016K, used 182272K [0x0000000080000000, 0x0000000100000000)
  region size 1024K, 8 young (8192K), 8 survivors (8192K)
 Metaspace       used 122403K, capacity 125519K, committed 125696K, reserved 1159168K
  class space    used 14911K, capacity 16029K, committed 16128K, reserved 1048576K
}
Event: 2275.752 GC heap before
{Heap before GC invocations=77 (full 0):
 garbage-first heap   total 342016K, used 198656K [0x0000000080000000, 0x0000000100000000)
  region size 1024K, 16 young (16384K), 8 survivors (8192K)
 Metaspace       used 122633K, capacity 125728K, committed 125952K, reserved 1159168K
  class space    used 14941K, capacity 16037K, committed 16128K, reserved 1048576K
}
Event: 2275.766 GC heap after
{Heap after GC invocations=78 (full 0):
 garbage-first heap   total 342016K, used 190017K [0x0000000080000000, 0x0000000100000000)
  region size 1024K, 2 young (2048K), 2 survivors (2048K)
 Metaspace       used 122633K, capacity 125728K, committed 125952K, reserved 1159168K
  class space    used 14941K, capacity 16037K, committed 16128K, reserved 1048576K
}
Event: 2275.771 GC heap before
{Heap before GC invocations=78 (full 0):
 garbage-first heap   total 342016K, used 191041K [0x0000000080000000, 0x0000000100000000)
  region size 1024K, 4 young (4096K), 2 survivors (2048K)
 Metaspace       used 122633K, capacity 125728K, committed 125952K, reserved 1159168K
  class space    used 14941K, capacity 16037K, committed 16128K, reserved 1048576K
}
Event: 2275.802 GC heap after
{Heap after GC invocations=79 (full 0):
 garbage-first heap   total 342016K, used 190271K [0x0000000080000000, 0x0000000100000000)
  region size 1024K, 3 young (3072K), 3 survivors (3072K)
 Metaspace       used 122633K, capacity 125728K, committed 125952K, reserved 1159168K
  class space    used 14941K, capacity 16037K, committed 16128K, reserved 1048576K
}
Event: 2276.233 GC heap before
{Heap before GC invocations=80 (full 0):
 garbage-first heap   total 342016K, used 260927K [0x0000000080000000, 0x0000000100000000)
  region size 1024K, 55 young (56320K), 3 survivors (3072K)
 Metaspace       used 122952K, capacity 126049K, committed 126208K, reserved 1159168K
  class space    used 14987K, capacity 16104K, committed 16128K, reserved 1048576K
}
Event: 2276.273 GC heap after
{Heap after GC invocations=81 (full 0):
 garbage-first heap   total 342016K, used 213270K [0x0000000080000000, 0x0000000100000000)
  region size 1024K, 8 young (8192K), 8 survivors (8192K)
 Metaspace       used 122952K, capacity 126049K, committed 126208K, reserved 1159168K
  class space    used 14987K, capacity 16104K, committed 16128K, reserved 1048576K
}
Event: 2276.579 GC heap before
{Heap before GC invocations=82 (full 0):
 garbage-first heap   total 342016K, used 262422K [0x0000000080000000, 0x0000000100000000)
  region size 1024K, 55 young (56320K), 8 survivors (8192K)
 Metaspace       used 124309K, capacity 127435K, committed 127488K, reserved 1161216K
  class space    used 15244K, capacity 16357K, committed 16384K, reserved 1048576K
}
Event: 2276.645 GC heap after
{Heap after GC invocations=83 (full 0):
 garbage-first heap   total 485376K, used 221656K [0x0000000080000000, 0x0000000100000000)
  region size 1024K, 7 young (7168K), 7 survivors (7168K)
 Metaspace       used 124309K, capacity 127435K, committed 127488K, reserved 1161216K
  class space    used 15244K, capacity 16357K, committed 16384K, reserved 1048576K
}
Event: 2276.818 GC heap before
{Heap before GC invocations=83 (full 0):
 garbage-first heap   total 485376K, used 229848K [0x0000000080000000, 0x0000000100000000)
  region size 1024K, 16 young (16384K), 7 survivors (7168K)
 Metaspace       used 125452K, capacity 128623K, committed 128768K, reserved 1161216K
  class space    used 15504K, capacity 16631K, committed 16640K, reserved 1048576K
}
Event: 2276.844 GC heap after
{Heap after GC invocations=84 (full 0):
 garbage-first heap   total 485376K, used 224678K [0x0000000080000000, 0x0000000100000000)
  region size 1024K, 10 young (10240K), 10 survivors (10240K)
 Metaspace       used 125452K, capacity 128623K, committed 128768K, reserved 1161216K
  class space    used 15504K, capacity 16631K, committed 16640K, reserved 1048576K
}
Event: 2277.667 GC heap before
{Heap before GC invocations=85 (full 0):
 garbage-first heap   total 485376K, used 321958K [0x0000000080000000, 0x0000000100000000)
  region size 1024K, 104 young (106496K), 10 survivors (10240K)
 Metaspace       used 125886K, capacity 129158K, committed 129408K, reserved 1161216K
  class space    used 15536K, capacity 16690K, committed 16768K, reserved 1048576K
}
Event: 2277.840 GC heap after
{Heap after GC invocations=86 (full 0):
 garbage-first heap   total 485376K, used 268661K [0x0000000080000000, 0x0000000100000000)
  region size 1024K, 13 young (13312K), 13 survivors (13312K)
 Metaspace       used 125886K, capacity 129158K, committed 129408K, reserved 1161216K
  class space    used 15536K, capacity 16690K, committed 16768K, reserved 1048576K
}
Event: 2279.422 GC heap before
{Heap before GC invocations=86 (full 0):
 garbage-first heap   total 485376K, used 343413K [0x0000000080000000, 0x0000000100000000)
  region size 1024K, 87 young (89088K), 13 survivors (13312K)
 Metaspace       used 129395K, capacity 132945K, committed 132992K, reserved 1165312K
  class space    used 16011K, capacity 17279K, committed 17280K, reserved 1048576K
}
Event: 2279.492 GC heap after
{Heap after GC invocations=87 (full 0):
 garbage-first heap   total 485376K, used 276888K [0x0000000080000000, 0x0000000100000000)
  region size 1024K, 7 young (7168K), 7 survivors (7168K)
 Metaspace       used 129395K, capacity 132945K, committed 132992K, reserved 1165312K
  class space    used 16011K, capacity 17279K, committed 17280K, reserved 1048576K
}
Event: 2281.276 GC heap before
{Heap before GC invocations=88 (full 0):
 garbage-first heap   total 485376K, used 358808K [0x0000000080000000, 0x0000000100000000)
  region size 1024K, 84 young (86016K), 7 survivors (7168K)
 Metaspace       used 129940K, capacity 133559K, committed 133632K, reserved 1165312K
  class space    used 16059K, capacity 17368K, committed 17408K, reserved 1048576K
}

