# JRE version: OpenJDK Runtime Environment (11.0.13) (build 11.0.13+0-b1751.21-8125866)
# Java VM: OpenJDK 64-Bit Server VM (11.0.13+0-b1751.21-8125866, mixed mode, tiered, compressed oops, g1 gc, windows-amd64)
Heap:
 garbage-first heap   total 131072K, used 47860K [0x0000000080000000, 0x0000000100000000)
  region size 1024K, 33 young (33792K), 2 survivors (2048K)
 Metaspace       used 23938K, capacity 24505K, committed 24752K, reserved 1071104K
  class space    used 3027K, capacity 3221K, committed 3328K, reserved 1048576K
GC Heap History (6 events):
Event: 0.690 GC heap before
{Heap before GC invocations=0 (full 0):
 garbage-first heap   total 131072K, used 27648K [0x0000000080000000, 0x0000000100000000)
  region size 1024K, 22 young (22528K), 0 survivors (0K)
 Metaspace       used 9563K, capacity 9793K, committed 10112K, reserved 1058816K
  class space    used 966K, capacity 1036K, committed 1152K, reserved 1048576K
}
Event: 0.695 GC heap after
{Heap after GC invocations=1 (full 0):
 garbage-first heap   total 131072K, used 8885K [0x0000000080000000, 0x0000000100000000)
  region size 1024K, 3 young (3072K), 3 survivors (3072K)
 Metaspace       used 9563K, capacity 9793K, committed 10112K, reserved 1058816K
  class space    used 966K, capacity 1036K, committed 1152K, reserved 1048576K
}
Event: 2.177 GC heap before
{Heap before GC invocations=1 (full 0):
 garbage-first heap   total 131072K, used 83637K [0x0000000080000000, 0x0000000100000000)
  region size 1024K, 76 young (77824K), 3 survivors (3072K)
 Metaspace       used 17414K, capacity 17747K, committed 18048K, reserved 1064960K
  class space    used 2014K, capacity 2113K, committed 2176K, reserved 1048576K
}
Event: 2.186 GC heap after
{Heap after GC invocations=2 (full 0):
 garbage-first heap   total 131072K, used 15786K [0x0000000080000000, 0x0000000100000000)
  region size 1024K, 10 young (10240K), 10 survivors (10240K)
 Metaspace       used 17414K, capacity 17747K, committed 18048K, reserved 1064960K
  class space    used 2014K, capacity 2113K, committed 2176K, reserved 1048576K
}
Event: 2.523 GC heap before
{Heap before GC invocations=2 (full 0):
 garbage-first heap   total 131072K, used 47530K [0x0000000080000000, 0x0000000100000000)
  region size 1024K, 42 young (43008K), 10 survivors (10240K)
 Metaspace       used 20729K, capacity 21185K, committed 21296K, reserved 1069056K
  class space    used 2521K, capacity 2684K, committed 2688K, reserved 1048576K
}
Event: 2.531 GC heap after
{Heap after GC invocations=3 (full 0):
 garbage-first heap   total 131072K, used 17140K [0x0000000080000000, 0x0000000100000000)
  region size 1024K, 2 young (2048K), 2 survivors (2048K)
 Metaspace       used 20729K, capacity 21185K, committed 21296K, reserved 1069056K
  class space    used 2521K, capacity 2684K, committed 2688K, reserved 1048576K
}

